This is pdfTeX, Version 3.141592653-2.6-1.40.22 (TeX Live 2022/dev/Debian) (preloaded format=pdflatex 2024.3.20)  21 AUG 2024 11:11
entering extended mode
 restricted \write18 enabled.
 %&-line parsing enabled.
**annexe_figures.tex
(./annexe_figures.tex
LaTeX2e <2021-11-15> patch level 1
L3 programming layer <2022-01-21>
(/usr/share/texlive/texmf-dist/tex/latex/base/article.cls
Document Class: article 2021/10/04 v1.4n Standard LaTeX document class
(/usr/share/texlive/texmf-dist/tex/latex/base/size10.clo
File: size10.clo 2021/10/04 v1.4n Standard LaTeX file (size option)
)
\c@part=\count185
\c@section=\count186
\c@subsection=\count187
\c@subsubsection=\count188
\c@paragraph=\count189
\c@subparagraph=\count190
\c@figure=\count191
\c@table=\count192
\abovecaptionskip=\skip47
\belowcaptionskip=\skip48
\bibindent=\dimen138
)
(/usr/share/texlive/texmf-dist/tex/latex/base/inputenc.sty
Package: inputenc 2021/02/14 v1.3d Input encoding file
\inpenc@prehook=\toks16
\inpenc@posthook=\toks17
)
(/usr/share/texlive/texmf-dist/tex/latex/geometry/geometry.sty
Package: geometry 2020/01/02 v5.9 Page Geometry

(/usr/share/texlive/texmf-dist/tex/latex/graphics/keyval.sty
Package: keyval 2014/10/28 v1.15 key=value parser (DPC)
\KV@toks@=\toks18
)
(/usr/share/texlive/texmf-dist/tex/generic/iftex/ifvtex.sty
Package: ifvtex 2019/10/25 v1.7 ifvtex legacy package. Use iftex instead.

(/usr/share/texlive/texmf-dist/tex/generic/iftex/iftex.sty
Package: iftex 2020/03/06 v1.0d TeX engine tests
))
\Gm@cnth=\count193
\Gm@cntv=\count194
\c@Gm@tempcnt=\count195
\Gm@bindingoffset=\dimen139
\Gm@wd@mp=\dimen140
\Gm@odd@mp=\dimen141
\Gm@even@mp=\dimen142
\Gm@layoutwidth=\dimen143
\Gm@layoutheight=\dimen144
\Gm@layouthoffset=\dimen145
\Gm@layoutvoffset=\dimen146
\Gm@dimlist=\toks19
)
(/usr/share/texlive/texmf-dist/tex/latex/xcolor/xcolor.sty
Package: xcolor 2021/10/31 v2.13 LaTeX color extensions (UK)

(/usr/share/texlive/texmf-dist/tex/latex/graphics-cfg/color.cfg
File: color.cfg 2016/01/02 v1.6 sample color configuration
)
Package xcolor Info: Driver file: pdftex.def on input line 227.

(/usr/share/texlive/texmf-dist/tex/latex/graphics-def/pdftex.def
File: pdftex.def 2020/10/05 v1.2a Graphics/color driver for pdftex
)
Package xcolor Info: Model `cmy' substituted by `cmy0' on input line 1352.
Package xcolor Info: Model `hsb' substituted by `rgb' on input line 1356.
Package xcolor Info: Model `RGB' extended on input line 1368.
Package xcolor Info: Model `HTML' substituted by `rgb' on input line 1370.
Package xcolor Info: Model `Hsb' substituted by `hsb' on input line 1371.
Package xcolor Info: Model `tHsb' substituted by `hsb' on input line 1372.
Package xcolor Info: Model `HSB' substituted by `hsb' on input line 1373.
Package xcolor Info: Model `Gray' substituted by `gray' on input line 1374.
Package xcolor Info: Model `wave' substituted by `hsb' on input line 1375.
)
(/usr/share/texlive/texmf-dist/tex/latex/amsmath/amsmath.sty
Package: amsmath 2021/10/15 v2.17l AMS math features
\@mathmargin=\skip49

For additional information on amsmath, use the `?' option.
(/usr/share/texlive/texmf-dist/tex/latex/amsmath/amstext.sty
Package: amstext 2021/08/26 v2.01 AMS text

(/usr/share/texlive/texmf-dist/tex/latex/amsmath/amsgen.sty
File: amsgen.sty 1999/11/30 v2.0 generic functions
\@emptytoks=\toks20
\ex@=\dimen147
))
(/usr/share/texlive/texmf-dist/tex/latex/amsmath/amsbsy.sty
Package: amsbsy 1999/11/29 v1.2d Bold Symbols
\pmbraise@=\dimen148
)
(/usr/share/texlive/texmf-dist/tex/latex/amsmath/amsopn.sty
Package: amsopn 2021/08/26 v2.02 operator names
)
\inf@bad=\count196
LaTeX Info: Redefining \frac on input line 234.
\uproot@=\count197
\leftroot@=\count198
LaTeX Info: Redefining \overline on input line 399.
\classnum@=\count199
\DOTSCASE@=\count266
LaTeX Info: Redefining \ldots on input line 496.
LaTeX Info: Redefining \dots on input line 499.
LaTeX Info: Redefining \cdots on input line 620.
\Mathstrutbox@=\box50
\strutbox@=\box51
\big@size=\dimen149
LaTeX Font Info:    Redeclaring font encoding OML on input line 743.
LaTeX Font Info:    Redeclaring font encoding OMS on input line 744.
\macc@depth=\count267
\c@MaxMatrixCols=\count268
\dotsspace@=\muskip16
\c@parentequation=\count269
\dspbrk@lvl=\count270
\tag@help=\toks21
\row@=\count271
\column@=\count272
\maxfields@=\count273
\andhelp@=\toks22
\eqnshift@=\dimen150
\alignsep@=\dimen151
\tagshift@=\dimen152
\tagwidth@=\dimen153
\totwidth@=\dimen154
\lineht@=\dimen155
\@envbody=\toks23
\multlinegap=\skip50
\multlinetaggap=\skip51
\mathdisplay@stack=\toks24
LaTeX Info: Redefining \[ on input line 2938.
LaTeX Info: Redefining \] on input line 2939.
)
(/usr/share/texlive/texmf-dist/tex/latex/amsfonts/amssymb.sty
Package: amssymb 2013/01/14 v3.01 AMS font symbols

(/usr/share/texlive/texmf-dist/tex/latex/amsfonts/amsfonts.sty
Package: amsfonts 2013/01/14 v3.01 Basic AMSFonts support
\symAMSa=\mathgroup4
\symAMSb=\mathgroup5
LaTeX Font Info:    Redeclaring math symbol \hbar on input line 98.
LaTeX Font Info:    Overwriting math alphabet `\mathfrak' in version `bold'
(Font)                  U/euf/m/n --> U/euf/b/n on input line 106.
))
(/usr/share/texlive/texmf-dist/tex/latex/booktabs/booktabs.sty
Package: booktabs 2020/01/12 v1.61803398 Publication quality tables
\heavyrulewidth=\dimen156
\lightrulewidth=\dimen157
\cmidrulewidth=\dimen158
\belowrulesep=\dimen159
\belowbottomsep=\dimen160
\aboverulesep=\dimen161
\abovetopsep=\dimen162
\cmidrulesep=\dimen163
\cmidrulekern=\dimen164
\defaultaddspace=\dimen165
\@cmidla=\count274
\@cmidlb=\count275
\@aboverulesep=\dimen166
\@belowrulesep=\dimen167
\@thisruleclass=\count276
\@lastruleclass=\count277
\@thisrulewidth=\dimen168
)
(/usr/share/texlive/texmf-dist/tex/latex/amscls/amsthm.sty
Package: amsthm 2020/05/29 v2.20.6
\thm@style=\toks25
\thm@bodyfont=\toks26
\thm@headfont=\toks27
\thm@notefont=\toks28
\thm@headpunct=\toks29
\thm@preskip=\skip52
\thm@postskip=\skip53
\thm@headsep=\skip54
\dth@everypar=\toks30
)
(/usr/share/texlive/texmf-dist/tex/latex/tools/array.sty
Package: array 2021/10/04 v2.5f Tabular extension package (FMi)
\col@sep=\dimen169
\ar@mcellbox=\box52
\extrarowheight=\dimen170
\NC@list=\toks31
\extratabsurround=\skip55
\backup@length=\skip56
\ar@cellbox=\box53
)
(/usr/share/texlive/texmf-dist/tex/latex/graphics/epsfig.sty
Package: epsfig 2017/06/25 v1.7b (e)psfig emulation (SPQR)

(/usr/share/texlive/texmf-dist/tex/latex/graphics/graphicx.sty
Package: graphicx 2021/09/16 v1.2d Enhanced LaTeX Graphics (DPC,SPQR)

(/usr/share/texlive/texmf-dist/tex/latex/graphics/graphics.sty
Package: graphics 2021/03/04 v1.4d Standard LaTeX Graphics (DPC,SPQR)

(/usr/share/texlive/texmf-dist/tex/latex/graphics/trig.sty
Package: trig 2021/08/11 v1.11 sin cos tan (DPC)
)
(/usr/share/texlive/texmf-dist/tex/latex/graphics-cfg/graphics.cfg
File: graphics.cfg 2016/06/04 v1.11 sample graphics configuration
)
Package graphics Info: Driver file: pdftex.def on input line 107.
)
\Gin@req@height=\dimen171
\Gin@req@width=\dimen172
)
\epsfxsize=\dimen173
\epsfysize=\dimen174
)
(/usr/share/texlive/texmf-dist/tex/latex/caption/caption.sty
Package: caption 2020/10/26 v3.5g Customizing captions (AR)

(/usr/share/texlive/texmf-dist/tex/latex/caption/caption3.sty
Package: caption3 2020/10/21 v2.2e caption3 kernel (AR)
\captionmargin=\dimen175
\captionmargin@=\dimen176
\captionwidth=\dimen177
\caption@tempdima=\dimen178
\caption@indent=\dimen179
\caption@parindent=\dimen180
\caption@hangindent=\dimen181
Package caption Info: Standard document class detected.
)
\c@caption@flags=\count278
\c@continuedfloat=\count279
)
(/usr/share/texlive/texmf-dist/tex/latex/mathtools/empheq.sty
Package: empheq 2017/03/31 v2.15 Emphasizing equations

(/usr/share/texlive/texmf-dist/tex/latex/mathtools/mhsetup.sty
Package: mhsetup 2021/03/18 v1.4 programming setup (MH)
)
(/usr/share/texlive/texmf-dist/tex/latex/mathtools/mathtools.sty
Package: mathtools 2021/02/02 v1.28 mathematical typesetting tools

(/usr/share/texlive/texmf-dist/tex/latex/tools/calc.sty
Package: calc 2017/05/25 v4.3 Infix arithmetic (KKT,FJ)
\calc@Acount=\count280
\calc@Bcount=\count281
\calc@Adimen=\dimen182
\calc@Bdimen=\dimen183
\calc@Askip=\skip57
\calc@Bskip=\skip58
LaTeX Info: Redefining \setlength on input line 80.
LaTeX Info: Redefining \addtolength on input line 81.
\calc@Ccount=\count282
\calc@Cskip=\skip59
)
\g_MT_multlinerow_int=\count283
\l_MT_multwidth_dim=\dimen184
\origjot=\skip60
\l_MT_shortvdotswithinadjustabove_dim=\dimen185
\l_MT_shortvdotswithinadjustbelow_dim=\dimen186
\l_MT_above_intertext_sep=\dimen187
\l_MT_below_intertext_sep=\dimen188
\l_MT_above_shortintertext_sep=\dimen189
\l_MT_below_shortintertext_sep=\dimen190
\xmathstrut@box=\box54
\xmathstrut@dim=\dimen191
)
\l_EQ_equationtype_int=\count284
\l_EQ_alignmentmode_int=\count285
\l_EQ_totalwidth_dim=\dimen192
\l_EQ_displaywidth_dim=\dimen193
\l_EQ_temp_linewidth_dim=\dimen194
\l_EQ_linewidth_dim=\dimen195
\EmphEqdelimitershortfall=\dimen196
\EmphEqdelimiterfactor=\count286
\g_EQ_toptag_height_dim=\dimen197
\g_EQ_bottomtag_depth_dim=\dimen198
\g_EQ_toprow_height_dim=\dimen199
\g_EQ_bottomrow_depth_dim=\dimen256
\g_EQ_widesttag_dim=\dimen257
\EQ_mathdisplay_box=\box55
\EQ_tag_box=\box56
\g_EQ_temprow_int=\count287
)
(/usr/share/texlive/texmf-dist/tex/latex/tools/multicol.sty
Package: multicol 2021/10/28 v1.9b multicolumn formatting (FMi)
\c@tracingmulticols=\count288
\mult@box=\box57
\multicol@leftmargin=\dimen258
\c@unbalance=\count289
\c@collectmore=\count290
\doublecol@number=\count291
\multicoltolerance=\count292
\multicolpretolerance=\count293
\full@width=\dimen259
\page@free=\dimen260
\premulticols=\dimen261
\postmulticols=\dimen262
\multicolsep=\skip61
\multicolbaselineskip=\skip62
\partial@page=\box58
\last@line=\box59
\maxbalancingoverflow=\dimen263
\mult@rightbox=\box60
\mult@grightbox=\box61
\mult@firstbox=\box62
\mult@gfirstbox=\box63
\@tempa=\box64
\@tempa=\box65
\@tempa=\box66
\@tempa=\box67
\@tempa=\box68
\@tempa=\box69
\@tempa=\box70
\@tempa=\box71
\@tempa=\box72
\@tempa=\box73
\@tempa=\box74
\@tempa=\box75
\@tempa=\box76
\@tempa=\box77
\@tempa=\box78
\@tempa=\box79
\@tempa=\box80
\@tempa=\box81
\@tempa=\box82
\@tempa=\box83
\@tempa=\box84
\@tempa=\box85
\@tempa=\box86
\@tempa=\box87
\@tempa=\box88
\@tempa=\box89
\@tempa=\box90
\@tempa=\box91
\@tempa=\box92
\@tempa=\box93
\@tempa=\box94
\@tempa=\box95
\@tempa=\box96
\@tempa=\box97
\@tempa=\box98
\@tempa=\box99
\c@minrows=\count294
\c@columnbadness=\count295
\c@finalcolumnbadness=\count296
\last@try=\dimen264
\multicolovershoot=\dimen265
\multicolundershoot=\dimen266
\mult@nat@firstbox=\box100
\colbreak@box=\box101
\mc@col@check@num=\count297
)
(/usr/share/texlive/texmf-dist/tex/latex/fancybox/fancybox.sty
Package: fancybox 2010/05/15 1.4

Style option: `fancybox' v1.4 <2010/05/15> (tvz)
\@fancybox=\box102
\shadowsize=\dimen267
\@Sbox=\box103
\do@VerbBox=\toks32
\the@fancyput=\toks33
\this@fancyput=\toks34
\EndVerbatimTokens=\toks35
\Verbatim@Outfile=\write3
\Verbatim@Infile=\read2
) (/usr/share/texlive/texmf-dist/tex/latex/listings/listings.sty
\lst@mode=\count298
\lst@gtempboxa=\box104
\lst@token=\toks36
\lst@length=\count299
\lst@currlwidth=\dimen268
\lst@column=\count300
\lst@pos=\count301
\lst@lostspace=\dimen269
\lst@width=\dimen270
\lst@newlines=\count302
\lst@lineno=\count303
\lst@maxwidth=\dimen271

(/usr/share/texlive/texmf-dist/tex/latex/listings/lstmisc.sty
File: lstmisc.sty 2020/03/24 1.8d (Carsten Heinz)
\c@lstnumber=\count304
\lst@skipnumbers=\count305
\lst@framebox=\box105
)
(/usr/share/texlive/texmf-dist/tex/latex/listings/listings.cfg
File: listings.cfg 2020/03/24 1.8d listings configuration
))
Package: listings 2020/03/24 1.8d (Carsten Heinz)

(/usr/share/texlive/texmf-dist/tex/latex/hyperref/hyperref.sty
Package: hyperref 2021-06-07 v7.00m Hypertext links for LaTeX

(/usr/share/texlive/texmf-dist/tex/generic/ltxcmds/ltxcmds.sty
Package: ltxcmds 2020-05-10 v1.25 LaTeX kernel commands for general use (HO)
)
(/usr/share/texlive/texmf-dist/tex/generic/pdftexcmds/pdftexcmds.sty
Package: pdftexcmds 2020-06-27 v0.33 Utility functions of pdfTeX for LuaTeX (HO
)

(/usr/share/texlive/texmf-dist/tex/generic/infwarerr/infwarerr.sty
Package: infwarerr 2019/12/03 v1.5 Providing info/warning/error messages (HO)
)
Package pdftexcmds Info: \pdf@primitive is available.
Package pdftexcmds Info: \pdf@ifprimitive is available.
Package pdftexcmds Info: \pdfdraftmode found.
)
(/usr/share/texlive/texmf-dist/tex/generic/kvsetkeys/kvsetkeys.sty
Package: kvsetkeys 2019/12/15 v1.18 Key value parser (HO)
)
(/usr/share/texlive/texmf-dist/tex/generic/kvdefinekeys/kvdefinekeys.sty
Package: kvdefinekeys 2019-12-19 v1.6 Define keys (HO)
)
(/usr/share/texlive/texmf-dist/tex/generic/pdfescape/pdfescape.sty
Package: pdfescape 2019/12/09 v1.15 Implements pdfTeX's escape features (HO)
)
(/usr/share/texlive/texmf-dist/tex/latex/hycolor/hycolor.sty
Package: hycolor 2020-01-27 v1.10 Color options for hyperref/bookmark (HO)
)
(/usr/share/texlive/texmf-dist/tex/latex/letltxmacro/letltxmacro.sty
Package: letltxmacro 2019/12/03 v1.6 Let assignment for LaTeX macros (HO)
)
(/usr/share/texlive/texmf-dist/tex/latex/auxhook/auxhook.sty
Package: auxhook 2019-12-17 v1.6 Hooks for auxiliary files (HO)
)
(/usr/share/texlive/texmf-dist/tex/latex/kvoptions/kvoptions.sty
Package: kvoptions 2020-10-07 v3.14 Key value format for package options (HO)
)
\@linkdim=\dimen272
\Hy@linkcounter=\count306
\Hy@pagecounter=\count307

(/usr/share/texlive/texmf-dist/tex/latex/hyperref/pd1enc.def
File: pd1enc.def 2021-06-07 v7.00m Hyperref: PDFDocEncoding definition (HO)
Now handling font encoding PD1 ...
... no UTF-8 mapping file for font encoding PD1
)
(/usr/share/texlive/texmf-dist/tex/latex/hyperref/hyperref-langpatches.def
File: hyperref-langpatches.def 2021-06-07 v7.00m Hyperref: patches for babel la
nguages
)
(/usr/share/texlive/texmf-dist/tex/generic/intcalc/intcalc.sty
Package: intcalc 2019/12/15 v1.3 Expandable calculations with integers (HO)
)
(/usr/share/texlive/texmf-dist/tex/generic/etexcmds/etexcmds.sty
Package: etexcmds 2019/12/15 v1.7 Avoid name clashes with e-TeX commands (HO)
)
\Hy@SavedSpaceFactor=\count308

(/usr/share/texlive/texmf-dist/tex/latex/hyperref/puenc.def
File: puenc.def 2021-06-07 v7.00m Hyperref: PDF Unicode definition (HO)
Now handling font encoding PU ...
... no UTF-8 mapping file for font encoding PU
)
Package hyperref Info: Hyper figures OFF on input line 4192.
Package hyperref Info: Link nesting OFF on input line 4197.
Package hyperref Info: Hyper index ON on input line 4200.
Package hyperref Info: Plain pages OFF on input line 4207.
Package hyperref Info: Backreferencing OFF on input line 4212.
Package hyperref Info: Implicit mode ON; LaTeX internals redefined.
Package hyperref Info: Bookmarks ON on input line 4445.
\c@Hy@tempcnt=\count309

(/usr/share/texlive/texmf-dist/tex/latex/url/url.sty
\Urlmuskip=\muskip17
Package: url 2013/09/16  ver 3.4  Verb mode for urls, etc.
)
LaTeX Info: Redefining \url on input line 4804.
\XeTeXLinkMargin=\dimen273

(/usr/share/texlive/texmf-dist/tex/generic/bitset/bitset.sty
Package: bitset 2019/12/09 v1.3 Handle bit-vector datatype (HO)

(/usr/share/texlive/texmf-dist/tex/generic/bigintcalc/bigintcalc.sty
Package: bigintcalc 2019/12/15 v1.5 Expandable calculations on big integers (HO
)
))
\Fld@menulength=\count310
\Field@Width=\dimen274
\Fld@charsize=\dimen275
Package hyperref Info: Hyper figures OFF on input line 6076.
Package hyperref Info: Link nesting OFF on input line 6081.
Package hyperref Info: Hyper index ON on input line 6084.
Package hyperref Info: backreferencing OFF on input line 6091.
Package hyperref Info: Link coloring OFF on input line 6096.
Package hyperref Info: Link coloring with OCG OFF on input line 6101.
Package hyperref Info: PDF/A mode OFF on input line 6106.
LaTeX Info: Redefining \ref on input line 6146.
LaTeX Info: Redefining \pageref on input line 6150.

(/usr/share/texlive/texmf-dist/tex/latex/base/atbegshi-ltx.sty
Package: atbegshi-ltx 2021/01/10 v1.0c Emulation of the original atbegshi
package with kernel methods
)
\Hy@abspage=\count311
\c@Item=\count312
\c@Hfootnote=\count313
)
Package hyperref Info: Driver (autodetected): hpdftex.

(/usr/share/texlive/texmf-dist/tex/latex/hyperref/hpdftex.def
File: hpdftex.def 2021-06-07 v7.00m Hyperref driver for pdfTeX

(/usr/share/texlive/texmf-dist/tex/latex/base/atveryend-ltx.sty
Package: atveryend-ltx 2020/08/19 v1.0a Emulation of the original atveryend pac
kage
with kernel methods
)
\Fld@listcount=\count314
\c@bookmark@seq@number=\count315

(/usr/share/texlive/texmf-dist/tex/latex/rerunfilecheck/rerunfilecheck.sty
Package: rerunfilecheck 2019/12/05 v1.9 Rerun checks for auxiliary files (HO)

(/usr/share/texlive/texmf-dist/tex/generic/uniquecounter/uniquecounter.sty
Package: uniquecounter 2019/12/15 v1.4 Provide unlimited unique counter (HO)
)
Package uniquecounter Info: New unique counter `rerunfilecheck' on input line 2
86.
)
\Hy@SectionHShift=\skip63
)
(/usr/share/texlive/texmf-dist/tex/latex/amsfonts/euscript.sty
Package: euscript 2009/06/22 v3.00 Euler Script fonts
LaTeX Font Info:    Overwriting math alphabet `\EuScript' in version `bold'
(Font)                  U/eus/m/n --> U/eus/b/n on input line 33.
)
(/usr/share/texlive/texmf-dist/tex/latex/float/float.sty
Package: float 2001/11/08 v1.3d Float enhancements (AL)
\c@float@type=\count316
\float@exts=\toks37
\float@box=\box106
\@float@everytoks=\toks38
\@floatcapt=\box107
)
(/usr/share/texlive/texmf-dist/tex/latex/cite/cite.sty
LaTeX Info: Redefining \cite on input line 302.
LaTeX Info: Redefining \nocite on input line 332.
Package: cite 2015/02/27  v 5.5
)
\c@theorem=\count317
\c@remark=\count318

(/usr/share/texlive/texmf-dist/tex/latex/l3backend/l3backend-pdftex.def
File: l3backend-pdftex.def 2022-01-12 L3 backend support: PDF output (pdfTeX)
\l__color_backend_stack_int=\count319
\l__pdf_internal_box=\box108
)
(./annexe_figures.aux)
\openout1 = `annexe_figures.aux'.

LaTeX Font Info:    Checking defaults for OML/cmm/m/it on input line 37.
LaTeX Font Info:    ... okay on input line 37.
LaTeX Font Info:    Checking defaults for OMS/cmsy/m/n on input line 37.
LaTeX Font Info:    ... okay on input line 37.
LaTeX Font Info:    Checking defaults for OT1/cmr/m/n on input line 37.
LaTeX Font Info:    ... okay on input line 37.
LaTeX Font Info:    Checking defaults for T1/cmr/m/n on input line 37.
LaTeX Font Info:    ... okay on input line 37.
LaTeX Font Info:    Checking defaults for TS1/cmr/m/n on input line 37.
LaTeX Font Info:    ... okay on input line 37.
LaTeX Font Info:    Checking defaults for OMX/cmex/m/n on input line 37.
LaTeX Font Info:    ... okay on input line 37.
LaTeX Font Info:    Checking defaults for U/cmr/m/n on input line 37.
LaTeX Font Info:    ... okay on input line 37.
LaTeX Font Info:    Checking defaults for PD1/pdf/m/n on input line 37.
LaTeX Font Info:    ... okay on input line 37.
LaTeX Font Info:    Checking defaults for PU/pdf/m/n on input line 37.
LaTeX Font Info:    ... okay on input line 37.

*geometry* driver: auto-detecting
*geometry* detected driver: pdftex
*geometry* verbose mode - [ preamble ] result:
* driver: pdftex
* paper: a4paper
* layout: <same size as paper>
* layoutoffset:(h,v)=(0.0pt,0.0pt)
* modes: 
* h-part:(L,W,R)=(42.67912pt, 512.14963pt, 42.67912pt)
* v-part:(T,H,B)=(42.67912pt, 759.6886pt, 42.67912pt)
* \paperwidth=597.50787pt
* \paperheight=845.04684pt
* \textwidth=512.14963pt
* \textheight=759.6886pt
* \oddsidemargin=-29.59087pt
* \evensidemargin=-29.59087pt
* \topmargin=-66.59087pt
* \headheight=12.0pt
* \headsep=25.0pt
* \topskip=10.0pt
* \footskip=30.0pt
* \marginparwidth=65.0pt
* \marginparsep=11.0pt
* \columnsep=10.0pt
* \skip\footins=9.0pt plus 4.0pt minus 2.0pt
* \hoffset=0.0pt
* \voffset=0.0pt
* \mag=1000
* \@twocolumnfalse
* \@twosidefalse
* \@mparswitchfalse
* \@reversemarginfalse
* (1in=72.27pt=25.4mm, 1cm=28.453pt)

(/usr/share/texlive/texmf-dist/tex/context/base/mkii/supp-pdf.mkii
[Loading MPS to PDF converter (version 2006.09.02).]
\scratchcounter=\count320
\scratchdimen=\dimen276
\scratchbox=\box109
\nofMPsegments=\count321
\nofMParguments=\count322
\everyMPshowfont=\toks39
\MPscratchCnt=\count323
\MPscratchDim=\dimen277
\MPnumerator=\count324
\makeMPintoPDFobject=\count325
\everyMPtoPDFconversion=\toks40
) (/usr/share/texlive/texmf-dist/tex/latex/epstopdf-pkg/epstopdf-base.sty
Package: epstopdf-base 2020-01-24 v2.11 Base part for package epstopdf
Package epstopdf-base Info: Redefining graphics rule for `.eps' on input line 4
85.

(/usr/share/texlive/texmf-dist/tex/latex/latexconfig/epstopdf-sys.cfg
File: epstopdf-sys.cfg 2010/07/13 v1.3 Configuration of (r)epstopdf for TeX Liv
e
))
Package caption Info: Begin \AtBeginDocument code.
Package caption Info: float package is loaded.
Package caption Info: hyperref package is loaded.
Package caption Info: listings package is loaded.
Package caption Info: End \AtBeginDocument code.
\c@lstlisting=\count326
Package hyperref Info: Link coloring OFF on input line 37.

(/usr/share/texlive/texmf-dist/tex/latex/hyperref/nameref.sty
Package: nameref 2021-04-02 v2.47 Cross-referencing by name of section

(/usr/share/texlive/texmf-dist/tex/latex/refcount/refcount.sty
Package: refcount 2019/12/15 v3.6 Data extraction from label references (HO)
)
(/usr/share/texlive/texmf-dist/tex/generic/gettitlestring/gettitlestring.sty
Package: gettitlestring 2019/12/15 v1.6 Cleanup title references (HO)
)
\c@section@level=\count327
)
LaTeX Info: Redefining \ref on input line 37.
LaTeX Info: Redefining \pageref on input line 37.
LaTeX Info: Redefining \nameref on input line 37.

(./annexe_figures.out) (./annexe_figures.out)
\@outlinefile=\write4
\openout4 = `annexe_figures.out'.

<../output/channel_wrles_retau395/RANS/RANS_profiles.png, id=36, 803.0pt x 602.
25pt>
File: ../output/channel_wrles_retau395/RANS/RANS_profiles.png Graphic file (typ
e png)
<use ../output/channel_wrles_retau395/RANS/RANS_profiles.png>
Package pdftex.def Info: ../output/channel_wrles_retau395/RANS/RANS_profiles.pn
g  used on input line 47.
(pdftex.def)             Requested size: 512.14963pt x 384.13376pt.
LaTeX Font Info:    Trying to load font information for U+msa on input line 48.


(/usr/share/texlive/texmf-dist/tex/latex/amsfonts/umsa.fd
File: umsa.fd 2013/01/14 v3.01 AMS symbols A
)
LaTeX Font Info:    Trying to load font information for U+msb on input line 48.


(/usr/share/texlive/texmf-dist/tex/latex/amsfonts/umsb.fd
File: umsb.fd 2013/01/14 v3.01 AMS symbols B
)
<../output/channel_wrles_retau395/RANS/mean_velocity_profiles.png, id=38, 803.0
pt x 602.25pt>
File: ../output/channel_wrles_retau395/RANS/mean_velocity_profiles.png Graphic 
file (type png)
<use ../output/channel_wrles_retau395/RANS/mean_velocity_profiles.png>
Package pdftex.def Info: ../output/channel_wrles_retau395/RANS/mean_velocity_pr
ofiles.png  used on input line 58.
(pdftex.def)             Requested size: 512.14963pt x 384.13376pt.


LaTeX Warning: `!h' float specifier changed to `!ht'.

<../output/channel_wrles_retau395/RANS/var_velocity_profiles.png, id=39, 803.0p
t x 602.25pt>
File: ../output/channel_wrles_retau395/RANS/var_velocity_profiles.png Graphic f
ile (type png)
<use ../output/channel_wrles_retau395/RANS/var_velocity_profiles.png>
Package pdftex.def Info: ../output/channel_wrles_retau395/RANS/var_velocity_pro
files.png  used on input line 65.
(pdftex.def)             Requested size: 512.14963pt x 384.13376pt.

LaTeX Warning: `!h' float specifier changed to `!ht'.

<../output/channel_wrles_retau395/RANS/velocity_ratio_profiles.png, id=40, 803.
0pt x 602.25pt>
File: ../output/channel_wrles_retau395/RANS/velocity_ratio_profiles.png Graphic
 file (type png)
<use ../output/channel_wrles_retau395/RANS/velocity_ratio_profiles.png>
Package pdftex.def Info: ../output/channel_wrles_retau395/RANS/velocity_ratio_p
rofiles.png  used on input line 72.
(pdftex.def)             Requested size: 512.14963pt x 384.13376pt.

LaTeX Warning: `!h' float specifier changed to `!ht'.

<../output/channel_wrles_retau395/split_time/frozen_turbulence/correlation2D/u1
.png, id=41, 1104.125pt x 602.25pt>
File: ../output/channel_wrles_retau395/split_time/frozen_turbulence/correlation
2D/u1.png Graphic file (type png)
<use ../output/channel_wrles_retau395/split_time/frozen_turbulence/correlation2
D/u1.png>
Package pdftex.def Info: ../output/channel_wrles_retau395/split_time/frozen_tur
bulence/correlation2D/u1.png  used on input line 84.
(pdftex.def)             Requested size: 512.14963pt x 279.36333pt.

LaTeX Warning: `!h' float specifier changed to `!ht'.

<../output/channel_wrles_retau395/split_time/frozen_turbulence/correlation2D/u2
.png, id=42, 1104.125pt x 602.25pt>
File: ../output/channel_wrles_retau395/split_time/frozen_turbulence/correlation
2D/u2.png Graphic file (type png)
<use ../output/channel_wrles_retau395/split_time/frozen_turbulence/correlation2
D/u2.png>
Package pdftex.def Info: ../output/channel_wrles_retau395/split_time/frozen_tur
bulence/correlation2D/u2.png  used on input line 91.
(pdftex.def)             Requested size: 512.14963pt x 279.36333pt.

LaTeX Warning: `!h' float specifier changed to `!ht'.

<../output/channel_wrles_retau395/split_time/frozen_turbulence/correlation2D/u3
.png, id=43, 1104.125pt x 602.25pt>
File: ../output/channel_wrles_retau395/split_time/frozen_turbulence/correlation
2D/u3.png Graphic file (type png)
<use ../output/channel_wrles_retau395/split_time/frozen_turbulence/correlation2
D/u3.png>
Package pdftex.def Info: ../output/channel_wrles_retau395/split_time/frozen_tur
bulence/correlation2D/u3.png  used on input line 98.
(pdftex.def)             Requested size: 512.14963pt x 279.36333pt.

LaTeX Warning: `!h' float specifier changed to `!ht'.

<../output/channel_wrles_retau395/split_time/frozen_turbulence/correlation2D/u_
1c.png, id=44, 702.625pt x 501.875pt>
File: ../output/channel_wrles_retau395/split_time/frozen_turbulence/correlation
2D/u_1c.png Graphic file (type png)
<use ../output/channel_wrles_retau395/split_time/frozen_turbulence/correlation2
D/u_1c.png>
Package pdftex.def Info: ../output/channel_wrles_retau395/split_time/frozen_tur
bulence/correlation2D/u_1c.png  used on input line 105.
(pdftex.def)             Requested size: 512.14963pt x 365.85262pt.

LaTeX Warning: `!h' float specifier changed to `!ht'.

<../output/channel_wrles_retau395/split_time/frozen_turbulence/correlation2D/u_
ratio.png, id=45, 702.625pt x 501.875pt>
File: ../output/channel_wrles_retau395/split_time/frozen_turbulence/correlation
2D/u_ratio.png Graphic file (type png)
<use ../output/channel_wrles_retau395/split_time/frozen_turbulence/correlation2
D/u_ratio.png>
Package pdftex.def Info: ../output/channel_wrles_retau395/split_time/frozen_tur
bulence/correlation2D/u_ratio.png  used on input line 112.
(pdftex.def)             Requested size: 512.14963pt x 365.85262pt.

LaTeX Warning: `!h' float specifier changed to `!ht'.

<../output/channel_wrles_retau395/split_time/frozen_turbulence/power_spectra/u1
_all.png, id=46, 903.375pt x 903.375pt>
File: ../output/channel_wrles_retau395/split_time/frozen_turbulence/power_spect
ra/u1_all.png Graphic file (type png)
<use ../output/channel_wrles_retau395/split_time/frozen_turbulence/power_spectr
a/u1_all.png>
Package pdftex.def Info: ../output/channel_wrles_retau395/split_time/frozen_tur
bulence/power_spectra/u1_all.png  used on input line 121.
(pdftex.def)             Requested size: 512.14963pt x 512.17223pt.

LaTeX Warning: `!h' float specifier changed to `!ht'.

<../output/channel_wrles_retau395/split_time/frozen_turbulence/power_spectra/u2
_all.png, id=47, 903.375pt x 903.375pt>
File: ../output/channel_wrles_retau395/split_time/frozen_turbulence/power_spect
ra/u2_all.png Graphic file (type png)
<use ../output/channel_wrles_retau395/split_time/frozen_turbulence/power_spectr
a/u2_all.png>
Package pdftex.def Info: ../output/channel_wrles_retau395/split_time/frozen_tur
bulence/power_spectra/u2_all.png  used on input line 127.
(pdftex.def)             Requested size: 512.14963pt x 512.17223pt.

LaTeX Warning: `!h' float specifier changed to `!ht'.

<../output/channel_wrles_retau395/split_time/frozen_turbulence/power_spectra/u3
_all.png, id=48, 903.375pt x 903.375pt>
File: ../output/channel_wrles_retau395/split_time/frozen_turbulence/power_spect
ra/u3_all.png Graphic file (type png)
<use ../output/channel_wrles_retau395/split_time/frozen_turbulence/power_spectr
a/u3_all.png>
Package pdftex.def Info: ../output/channel_wrles_retau395/split_time/frozen_tur
bulence/power_spectra/u3_all.png  used on input line 133.
(pdftex.def)             Requested size: 512.14963pt x 512.17223pt.

LaTeX Warning: `!h' float specifier changed to `!ht'.

<../output/channel_wrles_retau395/split_time/space_correlation/streamwise.png, 
id=49, 903.375pt x 602.25pt>
File: ../output/channel_wrles_retau395/split_time/space_correlation/streamwise.
png Graphic file (type png)
<use ../output/channel_wrles_retau395/split_time/space_correlation/streamwise.p
ng>
Package pdftex.def Info: ../output/channel_wrles_retau395/split_time/space_corr
elation/streamwise.png  used on input line 145.
(pdftex.def)             Requested size: 460.93153pt x 307.29047pt.

LaTeX Warning: `!h' float specifier changed to `!ht'.

<../output/channel_wrles_retau395/split_time/space_correlation/spanwise.png, id
=50, 903.375pt x 602.25pt>
File: ../output/channel_wrles_retau395/split_time/space_correlation/spanwise.pn
g Graphic file (type png)
<use ../output/channel_wrles_retau395/split_time/space_correlation/spanwise.png
>
Package pdftex.def Info: ../output/channel_wrles_retau395/split_time/space_corr
elation/spanwise.png  used on input line 151.
(pdftex.def)             Requested size: 460.93153pt x 307.29047pt.

LaTeX Warning: `!h' float specifier changed to `!ht'.

<../output/channel_wrles_retau395/split_time/gamma/gamma_u1_w_all.png, id=51, 1
104.125pt x 903.375pt>
File: ../output/channel_wrles_retau395/split_time/gamma/gamma_u1_w_all.png Grap
hic file (type png)
<use ../output/channel_wrles_retau395/split_time/gamma/gamma_u1_w_all.png>
Package pdftex.def Info: ../output/channel_wrles_retau395/split_time/gamma/gamm
a_u1_w_all.png  used on input line 161.
(pdftex.def)             Requested size: 512.14963pt x 419.045pt.

LaTeX Warning: `!h' float specifier changed to `!ht'.

<../output/channel_wrles_retau395/split_time/gamma/gamma_u1_r_all.png, id=52, 1
104.125pt x 903.375pt>
File: ../output/channel_wrles_retau395/split_time/gamma/gamma_u1_r_all.png Grap
hic file (type png)
<use ../output/channel_wrles_retau395/split_time/gamma/gamma_u1_r_all.png>
Package pdftex.def Info: ../output/channel_wrles_retau395/split_time/gamma/gamm
a_u1_r_all.png  used on input line 167.
(pdftex.def)             Requested size: 512.14963pt x 419.045pt.

LaTeX Warning: `!h' float specifier changed to `!ht'.

<../output/channel_wrles_retau395/split_time/gamma/gamma_u2_w_all.png, id=53, 1
104.125pt x 903.375pt>
File: ../output/channel_wrles_retau395/split_time/gamma/gamma_u2_w_all.png Grap
hic file (type png)
<use ../output/channel_wrles_retau395/split_time/gamma/gamma_u2_w_all.png>
Package pdftex.def Info: ../output/channel_wrles_retau395/split_time/gamma/gamm
a_u2_w_all.png  used on input line 173.
(pdftex.def)             Requested size: 512.14963pt x 419.045pt.

LaTeX Warning: `!h' float specifier changed to `!ht'.

<../output/channel_wrles_retau395/split_time/gamma/gamma_u2_r_all.png, id=54, 1
104.125pt x 903.375pt>
File: ../output/channel_wrles_retau395/split_time/gamma/gamma_u2_r_all.png Grap
hic file (type png)
<use ../output/channel_wrles_retau395/split_time/gamma/gamma_u2_r_all.png>
Package pdftex.def Info: ../output/channel_wrles_retau395/split_time/gamma/gamm
a_u2_r_all.png  used on input line 179.
(pdftex.def)             Requested size: 512.14963pt x 419.045pt.

LaTeX Warning: `!h' float specifier changed to `!ht'.

<../output/channel_wrles_retau395/split_time/gamma/gamma_u3_w_all.png, id=55, 1
104.125pt x 903.375pt>
File: ../output/channel_wrles_retau395/split_time/gamma/gamma_u3_w_all.png Grap
hic file (type png)
<use ../output/channel_wrles_retau395/split_time/gamma/gamma_u3_w_all.png>
Package pdftex.def Info: ../output/channel_wrles_retau395/split_time/gamma/gamm
a_u3_w_all.png  used on input line 185.
(pdftex.def)             Requested size: 512.14963pt x 419.045pt.

LaTeX Warning: `!h' float specifier changed to `!ht'.

<../output/channel_wrles_retau395/split_time/gamma/gamma_u3_r_all.png, id=56, 1
104.125pt x 903.375pt>
File: ../output/channel_wrles_retau395/split_time/gamma/gamma_u3_r_all.png Grap
hic file (type png)
<use ../output/channel_wrles_retau395/split_time/gamma/gamma_u3_r_all.png>
Package pdftex.def Info: ../output/channel_wrles_retau395/split_time/gamma/gamm
a_u3_r_all.png  used on input line 192.
(pdftex.def)             Requested size: 512.14963pt x 419.045pt.

LaTeX Warning: `!h' float specifier changed to `!ht'.

<../output/channel_wrles_retau395/split_time/gamma/gamma_view_w_all.png, id=57,
 803.0pt x 602.25pt>
File: ../output/channel_wrles_retau395/split_time/gamma/gamma_view_w_all.png Gr
aphic file (type png)
<use ../output/channel_wrles_retau395/split_time/gamma/gamma_view_w_all.png>
Package pdftex.def Info: ../output/channel_wrles_retau395/split_time/gamma/gamm
a_view_w_all.png  used on input line 199.
(pdftex.def)             Requested size: 512.14963pt x 384.13376pt.

LaTeX Warning: `!h' float specifier changed to `!ht'.

<../output/channel_wrles_retau395/split_time/gamma/gamma_view_r_all.png, id=58,
 1104.125pt x 602.25pt>
File: ../output/channel_wrles_retau395/split_time/gamma/gamma_view_r_all.png Gr
aphic file (type png)
<use ../output/channel_wrles_retau395/split_time/gamma/gamma_view_r_all.png>
Package pdftex.def Info: ../output/channel_wrles_retau395/split_time/gamma/gamm
a_view_r_all.png  used on input line 206.
(pdftex.def)             Requested size: 512.14963pt x 279.36333pt.

LaTeX Warning: `!h' float specifier changed to `!ht'.

<../output/channel_wrles_retau395/Normal_plan/velocity_profiles.png, id=59, 803
.0pt x 602.25pt>
File: ../output/channel_wrles_retau395/Normal_plan/velocity_profiles.png Graphi
c file (type png)
<use ../output/channel_wrles_retau395/Normal_plan/velocity_profiles.png>
Package pdftex.def Info: ../output/channel_wrles_retau395/Normal_plan/velocity_
profiles.png  used on input line 215.
(pdftex.def)             Requested size: 512.14963pt x 384.13376pt.

LaTeX Warning: `!h' float specifier changed to `!ht'.

<../output/channel_wrles_retau395/Normal_plan/autocorreation_z.png, id=60, 903.
375pt x 602.25pt>
File: ../output/channel_wrles_retau395/Normal_plan/autocorreation_z.png Graphic
 file (type png)
<use ../output/channel_wrles_retau395/Normal_plan/autocorreation_z.png>
Package pdftex.def Info: ../output/channel_wrles_retau395/Normal_plan/autocorre
ation_z.png  used on input line 222.
(pdftex.def)             Requested size: 512.14963pt x 341.44815pt.

LaTeX Warning: `!h' float specifier changed to `!ht'.

<../output/channel_wrles_retau395/Normal_plan/correation_length_plus.png, id=61
, 803.0pt x 602.25pt>
File: ../output/channel_wrles_retau395/Normal_plan/correation_length_plus.png G
raphic file (type png)
<use ../output/channel_wrles_retau395/Normal_plan/correation_length_plus.png>
Package pdftex.def Info: ../output/channel_wrles_retau395/Normal_plan/correatio
n_length_plus.png  used on input line 229.
(pdftex.def)             Requested size: 512.14963pt x 384.13376pt.

LaTeX Warning: `!h' float specifier changed to `!ht'.

<../output/channel_wrles_retau395/Normal_plan/correation_length_minus.png, id=6
2, 803.0pt x 602.25pt>
File: ../output/channel_wrles_retau395/Normal_plan/correation_length_minus.png 
Graphic file (type png)
<use ../output/channel_wrles_retau395/Normal_plan/correation_length_minus.png>
Package pdftex.def Info: ../output/channel_wrles_retau395/Normal_plan/correatio
n_length_minus.png  used on input line 235.
(pdftex.def)             Requested size: 512.14963pt x 384.13376pt.

LaTeX Warning: `!h' float specifier changed to `!ht'.

[1

{/var/lib/texmf/fonts/map/pdftex/updmap/pdftex.map} <../output/channel_wrles_re
tau395/RANS/RANS_profiles.png>] [2 <../output/channel_wrles_retau395/RANS/mean_
velocity_profiles.png>] [3 <../output/channel_wrles_retau395/RANS/var_velocity_
profiles.png>] [4 <../output/channel_wrles_retau395/RANS/velocity_ratio_profile
s.png> <../output/channel_wrles_retau395/split_time/frozen_turbulence/correlati
on2D/u1.png>] [5 <../output/channel_wrles_retau395/split_time/frozen_turbulence
/correlation2D/u2.png> <../output/channel_wrles_retau395/split_time/frozen_turb
ulence/correlation2D/u3.png>] [6 <../output/channel_wrles_retau395/split_time/f
rozen_turbulence/correlation2D/u_1c.png>] [7 <../output/channel_wrles_retau395/
split_time/frozen_turbulence/correlation2D/u_ratio.png>] [8 <../output/channel_
wrles_retau395/split_time/frozen_turbulence/power_spectra/u1_all.png>]
[9 <../output/channel_wrles_retau395/split_time/frozen_turbulence/power_spectra
/u2_all.png>] [10 <../output/channel_wrles_retau395/split_time/frozen_turbulenc
e/power_spectra/u3_all.png>] [11 <../output/channel_wrles_retau395/split_time/s
pace_correlation/streamwise.png> <../output/channel_wrles_retau395/split_time/s
pace_correlation/spanwise.png>] [12 <../output/channel_wrles_retau395/split_tim
e/gamma/gamma_u1_w_all.png>] [13 <../output/channel_wrles_retau395/split_time/g
amma/gamma_u1_r_all.png>] [14 <../output/channel_wrles_retau395/split_time/gamm
a/gamma_u2_w_all.png>] [15 <../output/channel_wrles_retau395/split_time/gamma/g
amma_u2_r_all.png>] [16 <../output/channel_wrles_retau395/split_time/gamma/gamm
a_u3_w_all.png>] [17 <../output/channel_wrles_retau395/split_time/gamma/gamma_u
3_r_all.png>] [18 <../output/channel_wrles_retau395/split_time/gamma/gamma_view
_w_all.png> <../output/channel_wrles_retau395/split_time/gamma/gamma_view_r_all
.png>] [19 <../output/channel_wrles_retau395/Normal_plan/velocity_profiles.png>
] [20 <../output/channel_wrles_retau395/Normal_plan/autocorreation_z.png>]
[21 <../output/channel_wrles_retau395/Normal_plan/correation_length_plus.png>]
[22 <../output/channel_wrles_retau395/Normal_plan/correation_length_minus.png>]
(./annexe_figures.aux)
Package rerunfilecheck Info: File `annexe_figures.out' has not changed.
(rerunfilecheck)             Checksum: 85B2A42DE5DD8346799B4FE01D7F3BA1;1198.
 ) 
Here is how much of TeX's memory you used:
 14789 strings out of 480247
 244348 string characters out of 5896151
 540940 words of memory out of 5000000
 32465 multiletter control sequences out of 15000+600000
 472467 words of font info for 41 fonts, out of 8000000 for 9000
 14 hyphenation exceptions out of 8191
 70i,7n,76p,503b,448s stack positions out of 5000i,500n,10000p,200000b,80000s
</usr/share/texlive/texmf-dist/fonts/type1/public/amsfonts/cm/cmbx12.pfb></us
r/share/texlive/texmf-dist/fonts/type1/public/amsfonts/cm/cmex10.pfb></usr/shar
e/texlive/texmf-dist/fonts/type1/public/amsfonts/cm/cmmi10.pfb></usr/share/texl
ive/texmf-dist/fonts/type1/public/amsfonts/cm/cmmi5.pfb></usr/share/texlive/tex
mf-dist/fonts/type1/public/amsfonts/cm/cmmi7.pfb></usr/share/texlive/texmf-dist
/fonts/type1/public/amsfonts/cm/cmr10.pfb></usr/share/texlive/texmf-dist/fonts/
type1/public/amsfonts/cm/cmr17.pfb></usr/share/texlive/texmf-dist/fonts/type1/p
ublic/amsfonts/cm/cmr5.pfb></usr/share/texlive/texmf-dist/fonts/type1/public/am
sfonts/cm/cmr7.pfb></usr/share/texlive/texmf-dist/fonts/type1/public/amsfonts/c
m/cmsy7.pfb>
Output written on annexe_figures.pdf (22 pages, 1733051 bytes).
PDF statistics:
 276 PDF objects out of 1000 (max. 8388607)
 178 compressed objects within 2 object streams
 57 named destinations out of 1000 (max. 500000)
 195 words of extra memory for PDF output out of 10000 (max. 10000000)

